<?xml version="1.0" encoding="UTF-8"?>
<!-- Generated by org.testng.reporters.JUnitReportReporter -->
<testsuite skipped="0" hostname="saidinesh-mbp" name="com.herokuapp.matchingalgo.sweeten.Geturl" tests="2" failures="0" timestamp="29 Apr 2019 07:04:42 GMT" time="6.555" errors="0">
  <testcase name="getUrl" time="3.896" classname="com.herokuapp.matchingalgo.sweeten.Geturl"/>
  <testcase name="getUrl" time="2.659" classname="com.herokuapp.matchingalgo.sweeten.Geturl"/>
</testsuite> <!-- com.herokuapp.matchingalgo.sweeten.Geturl -->
