<?xml version="1.0" encoding="UTF-8"?>
<!-- Generated by org.testng.reporters.JUnitReportReporter -->
<testsuite skipped="0" hostname="saidinesh-mbp" name="com.herokuapp.matchingalgo.sweeten.Renovation_Project" tests="3" failures="0" timestamp="29 Apr 2019 07:04:42 GMT" time="6.503" errors="0">
  <testcase name="verifyRePrjct_header" time="0.101" classname="com.herokuapp.matchingalgo.sweeten.Renovation_Project"/>
  <testcase name="verifyNewRePrjct" time="3.045" classname="com.herokuapp.matchingalgo.sweeten.Renovation_Project"/>
  <testcase name="Send_NewRePrjct_details" time="3.357" classname="com.herokuapp.matchingalgo.sweeten.Renovation_Project"/>
</testsuite> <!-- com.herokuapp.matchingalgo.sweeten.Renovation_Project -->
