<?xml version="1.0" encoding="UTF-8"?>
<!-- Generated by org.testng.reporters.JUnitReportReporter -->
<testsuite skipped="0" hostname="saidinesh-mbp" name="com.herokuapp.matchingalgo.sweeten.General_contractor" tests="3" failures="0" timestamp="29 Apr 2019 07:04:42 GMT" time="3.529" errors="0">
  <testcase name="verifyCnt_header" time="0.261" classname="com.herokuapp.matchingalgo.sweeten.General_contractor"/>
  <testcase name="verifyNew_Cnt" time="3.032" classname="com.herokuapp.matchingalgo.sweeten.General_contractor"/>
  <testcase name="Send_Cnt_details" time="0.236" classname="com.herokuapp.matchingalgo.sweeten.General_contractor"/>
</testsuite> <!-- com.herokuapp.matchingalgo.sweeten.General_contractor -->
