<?xml version="1.0" encoding="UTF-8"?>
<!-- Generated by org.testng.reporters.JUnitReportReporter -->
<testsuite skipped="0" hostname="saidinesh-mbp" name="com.herokuapp.matchingalgo.sweeten.Show_Edit_Projects" tests="3" failures="0" timestamp="29 Apr 2019 07:04:42 GMT" time="10.427" errors="0">
  <testcase name="Verify_Show_Projects" time="3.283" classname="com.herokuapp.matchingalgo.sweeten.Show_Edit_Projects"/>
  <testcase name="Verify_Edit_Projects" time="3.260" classname="com.herokuapp.matchingalgo.sweeten.Show_Edit_Projects"/>
  <testcase name="Verify_Update_Projects" time="3.884" classname="com.herokuapp.matchingalgo.sweeten.Show_Edit_Projects"/>
</testsuite> <!-- com.herokuapp.matchingalgo.sweeten.Show_Edit_Projects -->
