<?xml version="1.0" encoding="UTF-8"?>
<!-- Generated by org.testng.reporters.JUnitReportReporter -->
<testsuite skipped="0" hostname="saidinesh-mbp" name="com.herokuapp.matchingalgo.sweeten.Loginpage" tests="2" failures="0" timestamp="29 Apr 2019 07:04:42 GMT" time="2.910" errors="0">
  <testcase name="verifylogin" time="1.477" classname="com.herokuapp.matchingalgo.sweeten.Loginpage"/>
  <testcase name="verifylogin" time="1.433" classname="com.herokuapp.matchingalgo.sweeten.Loginpage"/>
</testsuite> <!-- com.herokuapp.matchingalgo.sweeten.Loginpage -->
