<?xml version="1.0" encoding="UTF-8"?>
<!-- Generated by org.testng.reporters.JUnitReportReporter -->
<testsuite skipped="0" hostname="saidinesh-mbp" name="com.herokuapp.matchingalgo.sweeten.Show_Edit_Matches" tests="3" failures="0" timestamp="29 Apr 2019 07:04:42 GMT" time="9.899" errors="0">
  <testcase name="Verify_Find_Matches" time="3.120" classname="com.herokuapp.matchingalgo.sweeten.Show_Edit_Matches"/>
  <testcase name="Verify_ReEdit_Projects" time="3.094" classname="com.herokuapp.matchingalgo.sweeten.Show_Edit_Matches"/>
  <testcase name="Verify_ReUpdate_Projects" time="3.685" classname="com.herokuapp.matchingalgo.sweeten.Show_Edit_Matches"/>
</testsuite> <!-- com.herokuapp.matchingalgo.sweeten.Show_Edit_Matches -->
