<?xml version="1.0" encoding="UTF-8"?>
<!-- Generated by org.testng.reporters.JUnitReportReporter -->
<testsuite skipped="0" hostname="saidinesh-mbp" name="com.herokuapp.matchingalgo.sweeten.Edit_Logout" tests="4" failures="0" timestamp="29 Apr 2019 07:04:42 GMT" time="14.328" errors="0">
  <testcase name="Verify_Edit" time="3.260" classname="com.herokuapp.matchingalgo.sweeten.Edit_Logout"/>
  <testcase name="Verify_Edit" time="3.091" classname="com.herokuapp.matchingalgo.sweeten.Edit_Logout"/>
  <testcase name="Verify_Logout" time="4.056" classname="com.herokuapp.matchingalgo.sweeten.Edit_Logout"/>
  <testcase name="Verify_Logout" time="3.921" classname="com.herokuapp.matchingalgo.sweeten.Edit_Logout"/>
</testsuite> <!-- com.herokuapp.matchingalgo.sweeten.Edit_Logout -->
